  Map.cpp
Files\Map\Map.cpp(12,31): error C2440: '=': cannot convert from 'nlohmann::detail::iter_impl<nlohmann::basic_json<std::map,std::vector,std::string,bool,int64_t,uint64_t,double,std::allocator,nlohmann::adl_serializer,std::vector<uint8_t,std::allocator<uint8_t>>>>' to 'int'
Files\Map\Map.cpp(12,22): message : No user-defined-conversion operator available that can perform this conversion, or the operator cannot be called
Files\Map\Map.cpp(13,31): error C2440: '=': cannot convert from 'nlohmann::detail::iter_impl<nlohmann::basic_json<std::map,std::vector,std::string,bool,int64_t,uint64_t,double,std::allocator,nlohmann::adl_serializer,std::vector<uint8_t,std::allocator<uint8_t>>>>' to 'int'
Files\Map\Map.cpp(13,22): message : No user-defined-conversion operator available that can perform this conversion, or the operator cannot be called
Files\Map\Map.cpp(14,6): error C3863: array type 'int [1][1]' is not assignable
Files\Map\Map.cpp(16,32): error C2679: binary '=': no operator found which takes a right-hand operand of type 'nlohmann::detail::iter_impl<nlohmann::basic_json<std::map,std::vector,std::string,bool,int64_t,uint64_t,double,std::allocator,nlohmann::adl_serializer,std::vector<uint8_t,std::allocator<uint8_t>>>>' (or there is no acceptable conversion)
C:\Program Files (x86)\Microsoft Visual Studio\2019\Community\VC\Tools\MSVC\14.29.30133\include\xstring(3061,42): message : could be 'std::basic_string<char,std::char_traits<char>,std::allocator<char>> &std::basic_string<char,std::char_traits<char>,std::allocator<char>>::operator =(const _Elem)'
          with
          [
              _Elem=char
          ]
C:\Program Files (x86)\Microsoft Visual Studio\2019\Community\VC\Tools\MSVC\14.29.30133\include\xstring(3057,42): message : or       'std::basic_string<char,std::char_traits<char>,std::allocator<char>> &std::basic_string<char,std::char_traits<char>,std::allocator<char>>::operator =(const _Elem *const )'
          with
          [
              _Elem=char
          ]
C:\Program Files (x86)\Microsoft Visual Studio\2019\Community\VC\Tools\MSVC\14.29.30133\include\xstring(3042,42): message : or       'std::basic_string<char,std::char_traits<char>,std::allocator<char>> &std::basic_string<char,std::char_traits<char>,std::allocator<char>>::operator =(const std::basic_string<char,std::char_traits<char>,std::allocator<char>> &)'
C:\Program Files (x86)\Microsoft Visual Studio\2019\Community\VC\Tools\MSVC\14.29.30133\include\xstring(2931,42): message : or       'std::basic_string<char,std::char_traits<char>,std::allocator<char>> &std::basic_string<char,std::char_traits<char>,std::allocator<char>>::operator =(std::initializer_list<_Elem>)'
          with
          [
              _Elem=char
          ]
C:\Program Files (x86)\Microsoft Visual Studio\2019\Community\VC\Tools\MSVC\14.29.30133\include\xstring(2814,42): message : or       'std::basic_string<char,std::char_traits<char>,std::allocator<char>> &std::basic_string<char,std::char_traits<char>,std::allocator<char>>::operator =(std::basic_string<char,std::char_traits<char>,std::allocator<char>> &&) noexcept(<expr>)'
Files\Map\Map.cpp(16,32): message : while trying to match the argument list '(std::string, nlohmann::detail::iter_impl<nlohmann::basic_json<std::map,std::vector,std::string,bool,int64_t,uint64_t,double,std::allocator,nlohmann::adl_serializer,std::vector<uint8_t,std::allocator<uint8_t>>>>)'
