  BomberMan.cpp
  AppHandler.cpp
  Application.cpp
  Game.cpp
  ArduinoMenu.cpp
  ExitMenu.cpp
  GameMenu.cpp
  MainMenu.cpp
  MapMenu.cpp
  Menu.cpp
  TestMenu.cpp
  Handler.cpp
  QAppWindow.cpp
  QCountDownMenu.cpp
  QDisconnectMenu.cpp
  QExitMenu.cpp
  QFormulaire.cpp
  QGameMenu.cpp
  QMainMenu.cpp
  QMapSelectionMenu.cpp
  QPauseMenu.cpp
  QPlayerJoiningMenu.cpp
  QSettingsMenu.cpp
  QCountDown.cpp
  QJoinedPlayersList.cpp
  QPlayerStats.cpp
  main.cpp
  qrc_BomberMan.cpp
  moc_BomberMan.cpp
  moc_QJoinedPlayersList.cpp
  BomberMan.vcxproj -> C:\Users\Lyam\Desktop\Important\School\University\S2\Projet\RealRepository\S2-H24-PROJECT-P4\Application2\BomberMan\x64\Debug\BomberMan.exe
