c:\users\lyam\desktop\important\school\university\s2\projet\realrepository\s2-h24-project-p4\application2\bomberman\x64\debug\uic\ui_bomberman.h
c:\users\lyam\desktop\important\school\university\s2\projet\realrepository\s2-h24-project-p4\application2\bomberman\x64\debug\rcc\qrc_bomberman.cpp
c:\users\lyam\desktop\important\school\university\s2\projet\realrepository\s2-h24-project-p4\application2\bomberman\x64\debug\moc\moc_bomberman.cpp
c:\users\lyam\desktop\important\school\university\s2\projet\realrepository\s2-h24-project-p4\application2\bomberman\x64\debug\moc\moc_qjoinedplayerslist.cpp
c:\users\lyam\desktop\important\school\university\s2\projet\realrepository\s2-h24-project-p4\application2\bomberman\x64\debug\placedpowerup.obj
c:\users\lyam\desktop\important\school\university\s2\projet\realrepository\s2-h24-project-p4\application2\bomberman\x64\debug\positions.obj
c:\users\lyam\desktop\important\school\university\s2\projet\realrepository\s2-h24-project-p4\application2\bomberman\x64\debug\powerup.obj
c:\users\lyam\desktop\important\school\university\s2\projet\realrepository\s2-h24-project-p4\application2\bomberman\x64\debug\serialport.obj
c:\users\lyam\desktop\important\school\university\s2\projet\realrepository\s2-h24-project-p4\application2\bomberman\x64\debug\colour.obj
c:\users\lyam\desktop\important\school\university\s2\projet\realrepository\s2-h24-project-p4\application2\bomberman\x64\debug\screenattributes.obj
c:\users\lyam\desktop\important\school\university\s2\projet\realrepository\s2-h24-project-p4\application2\bomberman\x64\debug\simplechrono.obj
c:\users\lyam\desktop\important\school\university\s2\projet\realrepository\s2-h24-project-p4\application2\bomberman\x64\debug\controller.obj
c:\users\lyam\desktop\important\school\university\s2\projet\realrepository\s2-h24-project-p4\application2\bomberman\x64\debug\utils.obj
c:\users\lyam\desktop\important\school\university\s2\projet\realrepository\s2-h24-project-p4\application2\bomberman\x64\debug\movements.obj
c:\users\lyam\desktop\important\school\university\s2\projet\realrepository\s2-h24-project-p4\application2\bomberman\x64\debug\placedbomb.obj
c:\users\lyam\desktop\important\school\university\s2\projet\realrepository\s2-h24-project-p4\application2\bomberman\x64\debug\arduino.obj
c:\users\lyam\desktop\important\school\university\s2\projet\realrepository\s2-h24-project-p4\application2\bomberman\x64\debug\portdetector.obj
c:\users\lyam\desktop\important\school\university\s2\projet\realrepository\s2-h24-project-p4\application2\bomberman\x64\debug\baseobject.obj
c:\users\lyam\desktop\important\school\university\s2\projet\realrepository\s2-h24-project-p4\application2\bomberman\x64\debug\threadmanager.obj
c:\users\lyam\desktop\important\school\university\s2\projet\realrepository\s2-h24-project-p4\application2\bomberman\x64\debug\inventory.obj
c:\users\lyam\desktop\important\school\university\s2\projet\realrepository\s2-h24-project-p4\application2\bomberman\x64\debug\communication.obj
c:\users\lyam\desktop\important\school\university\s2\projet\realrepository\s2-h24-project-p4\application2\bomberman\x64\debug\simpletimer.obj
c:\users\lyam\desktop\important\school\university\s2\projet\realrepository\s2-h24-project-p4\application2\bomberman\x64\debug\map.obj
c:\users\lyam\desktop\important\school\university\s2\projet\realrepository\s2-h24-project-p4\application2\bomberman\x64\debug\ray.obj
c:\users\lyam\desktop\important\school\university\s2\projet\realrepository\s2-h24-project-p4\application2\bomberman\x64\debug\player.obj
c:\users\lyam\desktop\important\school\university\s2\projet\realrepository\s2-h24-project-p4\application2\bomberman\x64\debug\main.obj
c:\users\lyam\desktop\important\school\university\s2\projet\realrepository\s2-h24-project-p4\application2\bomberman\x64\debug\bomberman.obj
c:\users\lyam\desktop\important\school\university\s2\projet\realrepository\s2-h24-project-p4\application2\bomberman\x64\debug\application.obj
c:\users\lyam\desktop\important\school\university\s2\projet\realrepository\s2-h24-project-p4\application2\bomberman\x64\debug\handler.obj
c:\users\lyam\desktop\important\school\university\s2\projet\realrepository\s2-h24-project-p4\application2\bomberman\x64\debug\qappwindow.obj
c:\users\lyam\desktop\important\school\university\s2\projet\realrepository\s2-h24-project-p4\application2\bomberman\x64\debug\qplayerjoiningmenu.obj
c:\users\lyam\desktop\important\school\university\s2\projet\realrepository\s2-h24-project-p4\application2\bomberman\x64\debug\qplayerstats.obj
c:\users\lyam\desktop\important\school\university\s2\projet\realrepository\s2-h24-project-p4\application2\bomberman\x64\debug\qgamemenu.obj
c:\users\lyam\desktop\important\school\university\s2\projet\realrepository\s2-h24-project-p4\application2\bomberman\x64\debug\moc_qjoinedplayerslist.obj
c:\users\lyam\desktop\important\school\university\s2\projet\realrepository\s2-h24-project-p4\application2\bomberman\x64\debug\moc_bomberman.obj
c:\users\lyam\desktop\important\school\university\s2\projet\realrepository\s2-h24-project-p4\application2\bomberman\x64\debug\qrc_bomberman.obj
c:\users\lyam\desktop\important\school\university\s2\projet\realrepository\s2-h24-project-p4\application2\bomberman\x64\debug\vc142.pdb
c:\users\lyam\desktop\important\school\university\s2\projet\realrepository\s2-h24-project-p4\application2\bomberman\x64\debug\bomberman.ilk
c:\users\lyam\desktop\important\school\university\s2\projet\realrepository\s2-h24-project-p4\application2\bomberman\x64\debug\bomberman.exe
c:\users\lyam\desktop\important\school\university\s2\projet\realrepository\s2-h24-project-p4\application2\bomberman\x64\debug\bomberman.pdb
c:\users\lyam\desktop\important\school\university\s2\projet\realrepository\s2-h24-project-p4\application2\bomberman\x64\debug\apphandler.obj
c:\users\lyam\desktop\important\school\university\s2\projet\realrepository\s2-h24-project-p4\application2\bomberman\x64\debug\arduinomenu.obj
c:\users\lyam\desktop\important\school\university\s2\projet\realrepository\s2-h24-project-p4\application2\bomberman\x64\debug\exitmenu.obj
c:\users\lyam\desktop\important\school\university\s2\projet\realrepository\s2-h24-project-p4\application2\bomberman\x64\debug\game.obj
c:\users\lyam\desktop\important\school\university\s2\projet\realrepository\s2-h24-project-p4\application2\bomberman\x64\debug\gamemenu.obj
c:\users\lyam\desktop\important\school\university\s2\projet\realrepository\s2-h24-project-p4\application2\bomberman\x64\debug\mainmenu.obj
c:\users\lyam\desktop\important\school\university\s2\projet\realrepository\s2-h24-project-p4\application2\bomberman\x64\debug\mapmenu.obj
c:\users\lyam\desktop\important\school\university\s2\projet\realrepository\s2-h24-project-p4\application2\bomberman\x64\debug\menu.obj
c:\users\lyam\desktop\important\school\university\s2\projet\realrepository\s2-h24-project-p4\application2\bomberman\x64\debug\qcountdown.obj
c:\users\lyam\desktop\important\school\university\s2\projet\realrepository\s2-h24-project-p4\application2\bomberman\x64\debug\qcountdownmenu.obj
c:\users\lyam\desktop\important\school\university\s2\projet\realrepository\s2-h24-project-p4\application2\bomberman\x64\debug\qdisconnectmenu.obj
c:\users\lyam\desktop\important\school\university\s2\projet\realrepository\s2-h24-project-p4\application2\bomberman\x64\debug\qexitmenu.obj
c:\users\lyam\desktop\important\school\university\s2\projet\realrepository\s2-h24-project-p4\application2\bomberman\x64\debug\qformulaire.obj
c:\users\lyam\desktop\important\school\university\s2\projet\realrepository\s2-h24-project-p4\application2\bomberman\x64\debug\qjoinedplayerslist.obj
c:\users\lyam\desktop\important\school\university\s2\projet\realrepository\s2-h24-project-p4\application2\bomberman\x64\debug\qmainmenu.obj
c:\users\lyam\desktop\important\school\university\s2\projet\realrepository\s2-h24-project-p4\application2\bomberman\x64\debug\qmapselectionmenu.obj
c:\users\lyam\desktop\important\school\university\s2\projet\realrepository\s2-h24-project-p4\application2\bomberman\x64\debug\qpausemenu.obj
c:\users\lyam\desktop\important\school\university\s2\projet\realrepository\s2-h24-project-p4\application2\bomberman\x64\debug\qsettingsmenu.obj
c:\users\lyam\desktop\important\school\university\s2\projet\realrepository\s2-h24-project-p4\application2\bomberman\x64\debug\testmenu.obj
c:\users\lyam\desktop\important\school\university\s2\projet\realrepository\s2-h24-project-p4\application2\bomberman\x64\debug\bomberman.tlog\bomberman.write.1u.tlog
c:\users\lyam\desktop\important\school\university\s2\projet\realrepository\s2-h24-project-p4\application2\bomberman\x64\debug\bomberman.tlog\cl.command.1.tlog
c:\users\lyam\desktop\important\school\university\s2\projet\realrepository\s2-h24-project-p4\application2\bomberman\x64\debug\bomberman.tlog\cl.read.1.tlog
c:\users\lyam\desktop\important\school\university\s2\projet\realrepository\s2-h24-project-p4\application2\bomberman\x64\debug\bomberman.tlog\cl.write.1.tlog
c:\users\lyam\desktop\important\school\university\s2\projet\realrepository\s2-h24-project-p4\application2\bomberman\x64\debug\bomberman.tlog\link.command.1.tlog
c:\users\lyam\desktop\important\school\university\s2\projet\realrepository\s2-h24-project-p4\application2\bomberman\x64\debug\bomberman.tlog\link.read.1.tlog
c:\users\lyam\desktop\important\school\university\s2\projet\realrepository\s2-h24-project-p4\application2\bomberman\x64\debug\bomberman.tlog\link.write.1.tlog
c:\users\lyam\desktop\important\school\university\s2\projet\realrepository\s2-h24-project-p4\application2\bomberman\x64\debug\bomberman.tlog\moc.read.1u.tlog
c:\users\lyam\desktop\important\school\university\s2\projet\realrepository\s2-h24-project-p4\application2\bomberman\x64\debug\bomberman.tlog\moc.write.1u.tlog
c:\users\lyam\desktop\important\school\university\s2\projet\realrepository\s2-h24-project-p4\application2\bomberman\x64\debug\bomberman.tlog\rcc.read.1u.tlog
c:\users\lyam\desktop\important\school\university\s2\projet\realrepository\s2-h24-project-p4\application2\bomberman\x64\debug\bomberman.tlog\rcc.write.1u.tlog
c:\users\lyam\desktop\important\school\university\s2\projet\realrepository\s2-h24-project-p4\application2\bomberman\x64\debug\bomberman.tlog\uic.read.1u.tlog
c:\users\lyam\desktop\important\school\university\s2\projet\realrepository\s2-h24-project-p4\application2\bomberman\x64\debug\bomberman.tlog\uic.write.1u.tlog
